{"C:\\Users\\safaa\\task-management-system\\task-frontend\\src\\api\\tasks.ts": {"path":"C:\\Users\\safaa\\task-management-system\\task-frontend\\src\\api\\tasks.ts","statementMap":{"0":{"start":{"line":3,"column":17},"end":{"line":3,"column":null}},"1":{"start":{"line":5,"column":16},"end":{"line":5,"column":null}},"2":{"start":{"line":7,"column":13},"end":{"line":9,"column":31}},"3":{"start":{"line":8,"column":2},"end":{"line":9,"column":31}},"4":{"start":{"line":9,"column":17},"end":{"line":9,"column":31}},"5":{"start":{"line":11,"column":13},"end":{"line":13,"column":31}},"6":{"start":{"line":12,"column":2},"end":{"line":13,"column":31}},"7":{"start":{"line":13,"column":17},"end":{"line":13,"column":31}},"8":{"start":{"line":15,"column":26},"end":{"line":20,"column":null}},"9":{"start":{"line":16,"column":2},"end":{"line":20,"column":null}},"10":{"start":{"line":17,"column":16},"end":{"line":17,"column":47}},"11":{"start":{"line":18,"column":4},"end":{"line":18,"column":null}},"12":{"start":{"line":20,"column":4},"end":{"line":20,"column":null}},"13":{"start":{"line":24,"column":26},"end":{"line":29,"column":null}},"14":{"start":{"line":25,"column":2},"end":{"line":29,"column":null}},"15":{"start":{"line":26,"column":16},"end":{"line":26,"column":59}},"16":{"start":{"line":27,"column":4},"end":{"line":27,"column":null}},"17":{"start":{"line":29,"column":4},"end":{"line":29,"column":null}},"18":{"start":{"line":32,"column":13},"end":{"line":33,"column":34}},"19":{"start":{"line":33,"column":2},"end":{"line":33,"column":34}},"20":{"start":{"line":35,"column":32},"end":{"line":41,"column":null}},"21":{"start":{"line":36,"column":19},"end":{"line":38,"column":null}},"22":{"start":{"line":41,"column":2},"end":{"line":41,"column":null}}},"fnMap":{"0":{"name":"(anonymous_0)","decl":{"start":{"line":7,"column":13},"end":{"line":7,"column":27}},"loc":{"start":{"line":8,"column":2},"end":{"line":9,"column":31}},"line":8},"1":{"name":"(anonymous_1)","decl":{"start":{"line":9,"column":5},"end":{"line":9,"column":10}},"loc":{"start":{"line":9,"column":17},"end":{"line":9,"column":31}},"line":9},"2":{"name":"(anonymous_2)","decl":{"start":{"line":11,"column":13},"end":{"line":11,"column":28}},"loc":{"start":{"line":12,"column":2},"end":{"line":13,"column":31}},"line":12},"3":{"name":"(anonymous_3)","decl":{"start":{"line":13,"column":5},"end":{"line":13,"column":10}},"loc":{"start":{"line":13,"column":17},"end":{"line":13,"column":31}},"line":13},"4":{"name":"(anonymous_4)","decl":{"start":{"line":15,"column":26},"end":{"line":15,"column":33}},"loc":{"start":{"line":15,"column":61},"end":{"line":20,"column":null}},"line":15},"5":{"name":"(anonymous_5)","decl":{"start":{"line":24,"column":26},"end":{"line":24,"column":33}},"loc":{"start":{"line":24,"column":73},"end":{"line":29,"column":null}},"line":24},"6":{"name":"(anonymous_6)","decl":{"start":{"line":32,"column":13},"end":{"line":32,"column":27}},"loc":{"start":{"line":33,"column":2},"end":{"line":33,"column":34}},"line":33},"7":{"name":"(anonymous_7)","decl":{"start":{"line":35,"column":32},"end":{"line":35,"column":39}},"loc":{"start":{"line":35,"column":70},"end":{"line":41,"column":null}},"line":35}},"branchMap":{},"s":{"0":1,"1":1,"2":1,"3":1,"4":1,"5":1,"6":1,"7":1,"8":1,"9":1,"10":1,"11":1,"12":0,"13":1,"14":1,"15":1,"16":1,"17":0,"18":1,"19":1,"20":1,"21":0,"22":0},"f":{"0":1,"1":1,"2":1,"3":1,"4":1,"5":1,"6":1,"7":0},"b":{},"meta":{"lastBranch":0,"lastFunction":8,"lastStatement":23,"seen":{"s:3:17:3:Infinity":0,"s:5:16:5:Infinity":1,"s:7:13:9:31":2,"f:7:13:7:27":0,"s:8:2:9:31":3,"f:9:5:9:10":1,"s:9:17:9:31":4,"s:11:13:13:31":5,"f:11:13:11:28":2,"s:12:2:13:31":6,"f:13:5:13:10":3,"s:13:17:13:31":7,"s:15:26:20:Infinity":8,"f:15:26:15:33":4,"s:16:2:20:Infinity":9,"s:17:16:17:47":10,"s:18:4:18:Infinity":11,"s:20:4:20:Infinity":12,"s:24:26:29:Infinity":13,"f:24:26:24:33":5,"s:25:2:29:Infinity":14,"s:26:16:26:59":15,"s:27:4:27:Infinity":16,"s:29:4:29:Infinity":17,"s:32:13:33:34":18,"f:32:13:32:27":6,"s:33:2:33:34":19,"s:35:32:41:Infinity":20,"f:35:32:35:39":7,"s:36:19:38:Infinity":21,"s:41:2:41:Infinity":22}}}
,"C:\\Users\\safaa\\task-management-system\\task-frontend\\src\\components\\AddTaskForm.tsx": {"path":"C:\\Users\\safaa\\task-management-system\\task-frontend\\src\\components\\AddTaskForm.tsx","statementMap":{"0":{"start":{"line":5,"column":13},"end":{"line":136,"column":null}},"1":{"start":{"line":6,"column":16},"end":{"line":6,"column":40}},"2":{"start":{"line":7,"column":22},"end":{"line":7,"column":52}},"3":{"start":{"line":8,"column":18},"end":{"line":8,"column":44}},"4":{"start":{"line":9,"column":19},"end":{"line":9,"column":52}},"5":{"start":{"line":10,"column":18},"end":{"line":10,"column":47}},"6":{"start":{"line":11,"column":17},"end":{"line":11,"column":47}},"7":{"start":{"line":13,"column":8},"end":{"line":13,"column":32}},"8":{"start":{"line":15,"column":22},"end":{"line":53,"column":null}},"9":{"start":{"line":16,"column":4},"end":{"line":18,"column":null}},"10":{"start":{"line":17,"column":6},"end":{"line":17,"column":null}},"11":{"start":{"line":18,"column":6},"end":{"line":18,"column":null}},"12":{"start":{"line":21,"column":19},"end":{"line":26,"column":6}},"13":{"start":{"line":28,"column":4},"end":{"line":37,"column":null}},"14":{"start":{"line":29,"column":31},"end":{"line":29,"column":33}},"15":{"start":{"line":31,"column":6},"end":{"line":34,"column":null}},"16":{"start":{"line":32,"column":22},"end":{"line":32,"column":null}},"17":{"start":{"line":33,"column":8},"end":{"line":33,"column":null}},"18":{"start":{"line":36,"column":6},"end":{"line":36,"column":null}},"19":{"start":{"line":37,"column":6},"end":{"line":37,"column":null}},"20":{"start":{"line":40,"column":4},"end":{"line":40,"column":null}},"21":{"start":{"line":41,"column":4},"end":{"line":41,"column":null}},"22":{"start":{"line":43,"column":4},"end":{"line":53,"column":null}},"23":{"start":{"line":44,"column":6},"end":{"line":44,"column":null}},"24":{"start":{"line":45,"column":6},"end":{"line":45,"column":null}},"25":{"start":{"line":46,"column":6},"end":{"line":46,"column":null}},"26":{"start":{"line":47,"column":6},"end":{"line":47,"column":null}},"27":{"start":{"line":48,"column":6},"end":{"line":48,"column":null}},"28":{"start":{"line":51,"column":6},"end":{"line":51,"column":null}},"29":{"start":{"line":53,"column":6},"end":{"line":53,"column":null}},"30":{"start":{"line":57,"column":2},"end":{"line":136,"column":null}},"31":{"start":{"line":60,"column":8},"end":{"line":60,"column":null}},"32":{"start":{"line":61,"column":8},"end":{"line":61,"column":null}},"33":{"start":{"line":73,"column":25},"end":{"line":73,"column":null}},"34":{"start":{"line":87,"column":25},"end":{"line":87,"column":null}},"35":{"start":{"line":99,"column":25},"end":{"line":99,"column":null}},"36":{"start":{"line":106,"column":25},"end":{"line":106,"column":52}},"37":{"start":{"line":132,"column":25},"end":{"line":132,"column":37}}},"fnMap":{"0":{"name":"(anonymous_0)","decl":{"start":{"line":5,"column":13},"end":{"line":5,"column":28}},"loc":{"start":{"line":5,"column":50},"end":{"line":136,"column":null}},"line":5},"1":{"name":"(anonymous_1)","decl":{"start":{"line":15,"column":22},"end":{"line":15,"column":34}},"loc":{"start":{"line":15,"column":34},"end":{"line":53,"column":null}},"line":15},"2":{"name":"(anonymous_2)","decl":{"start":{"line":31,"column":26},"end":{"line":31,"column":35}},"loc":{"start":{"line":31,"column":43},"end":{"line":34,"column":null}},"line":31},"3":{"name":"(anonymous_3)","decl":{"start":{"line":59,"column":6},"end":{"line":59,"column":17}},"loc":{"start":{"line":59,"column":23},"end":{"line":61,"column":null}},"line":59},"4":{"name":"(anonymous_4)","decl":{"start":{"line":73,"column":8},"end":{"line":73,"column":19}},"loc":{"start":{"line":73,"column":25},"end":{"line":73,"column":null}},"line":73},"5":{"name":"(anonymous_5)","decl":{"start":{"line":87,"column":8},"end":{"line":87,"column":19}},"loc":{"start":{"line":87,"column":25},"end":{"line":87,"column":null}},"line":87},"6":{"name":"(anonymous_6)","decl":{"start":{"line":99,"column":8},"end":{"line":99,"column":19}},"loc":{"start":{"line":99,"column":25},"end":{"line":99,"column":null}},"line":99},"7":{"name":"(anonymous_7)","decl":{"start":{"line":106,"column":8},"end":{"line":106,"column":19}},"loc":{"start":{"line":106,"column":25},"end":{"line":106,"column":52}},"line":106},"8":{"name":"(anonymous_8)","decl":{"start":{"line":132,"column":10},"end":{"line":132,"column":25}},"loc":{"start":{"line":132,"column":25},"end":{"line":132,"column":37}},"line":132}},"branchMap":{"0":{"loc":{"start":{"line":16,"column":4},"end":{"line":18,"column":null}},"type":"if","locations":[{"start":{"line":16,"column":4},"end":{"line":18,"column":null}},{"start":{},"end":{}}],"line":16},"1":{"loc":{"start":{"line":23,"column":19},"end":{"line":23,"column":null}},"type":"binary-expr","locations":[{"start":{"line":23,"column":19},"end":{"line":23,"column":34}},{"start":{"line":23,"column":34},"end":{"line":23,"column":null}}],"line":23},"2":{"loc":{"start":{"line":25,"column":15},"end":{"line":25,"column":null}},"type":"binary-expr","locations":[{"start":{"line":25,"column":15},"end":{"line":25,"column":26}},{"start":{"line":25,"column":26},"end":{"line":25,"column":null}}],"line":25},"3":{"loc":{"start":{"line":28,"column":4},"end":{"line":37,"column":null}},"type":"if","locations":[{"start":{"line":28,"column":4},"end":{"line":37,"column":null}},{"start":{},"end":{}}],"line":28},"4":{"loc":{"start":{"line":69,"column":10},"end":{"line":69,"column":null}},"type":"cond-expr","locations":[{"start":{"line":69,"column":25},"end":{"line":69,"column":44}},{"start":{"line":69,"column":44},"end":{"line":69,"column":null}}],"line":69},"5":{"loc":{"start":{"line":76,"column":7},"end":{"line":77,"column":null}},"type":"binary-expr","locations":[{"start":{"line":76,"column":7},"end":{"line":76,"column":null}},{"start":{"line":77,"column":8},"end":{"line":77,"column":null}}],"line":76},"6":{"loc":{"start":{"line":83,"column":10},"end":{"line":83,"column":null}},"type":"cond-expr","locations":[{"start":{"line":83,"column":31},"end":{"line":83,"column":50}},{"start":{"line":83,"column":50},"end":{"line":83,"column":null}}],"line":83},"7":{"loc":{"start":{"line":90,"column":7},"end":{"line":91,"column":null}},"type":"binary-expr","locations":[{"start":{"line":90,"column":7},"end":{"line":90,"column":null}},{"start":{"line":91,"column":8},"end":{"line":91,"column":null}}],"line":90},"8":{"loc":{"start":{"line":121,"column":12},"end":{"line":123,"column":null}},"type":"cond-expr","locations":[{"start":{"line":122,"column":16},"end":{"line":122,"column":null}},{"start":{"line":123,"column":16},"end":{"line":123,"column":null}}],"line":121},"9":{"loc":{"start":{"line":126,"column":11},"end":{"line":126,"column":null}},"type":"cond-expr","locations":[{"start":{"line":126,"column":21},"end":{"line":126,"column":37}},{"start":{"line":126,"column":37},"end":{"line":126,"column":null}}],"line":126}},"s":{"0":1,"1":9,"2":9,"3":9,"4":9,"5":9,"6":9,"7":9,"8":9,"9":2,"10":1,"11":1,"12":1,"13":2,"14":0,"15":0,"16":0,"17":0,"18":0,"19":0,"20":1,"21":1,"22":1,"23":1,"24":1,"25":1,"26":1,"27":1,"28":0,"29":1,"30":9,"31":2,"32":2,"33":2,"34":0,"35":0,"36":0,"37":0},"f":{"0":9,"1":2,"2":0,"3":2,"4":2,"5":0,"6":0,"7":0,"8":0},"b":{"0":[1,1],"1":[1,1],"2":[2,1],"3":[0,2],"4":[1,8],"5":[9,1],"6":[0,9],"7":[9,0],"8":[1,8],"9":[1,8]},"meta":{"lastBranch":10,"lastFunction":9,"lastStatement":38,"seen":{"s:5:13:136:Infinity":0,"f:5:13:5:28":0,"s:6:16:6:40":1,"s:7:22:7:52":2,"s:8:18:8:44":3,"s:9:19:9:52":4,"s:10:18:10:47":5,"s:11:17:11:47":6,"s:13:8:13:32":7,"s:15:22:53:Infinity":8,"f:15:22:15:34":1,"b:16:4:18:Infinity:undefined:undefined:undefined:undefined":0,"s:16:4:18:Infinity":9,"s:17:6:17:Infinity":10,"s:18:6:18:Infinity":11,"s:21:19:26:6":12,"b:23:19:23:34:23:34:23:Infinity":1,"b:25:15:25:26:25:26:25:Infinity":2,"b:28:4:37:Infinity:undefined:undefined:undefined:undefined":3,"s:28:4:37:Infinity":13,"s:29:31:29:33":14,"s:31:6:34:Infinity":15,"f:31:26:31:35":2,"s:32:22:32:Infinity":16,"s:33:8:33:Infinity":17,"s:36:6:36:Infinity":18,"s:37:6:37:Infinity":19,"s:40:4:40:Infinity":20,"s:41:4:41:Infinity":21,"s:43:4:53:Infinity":22,"s:44:6:44:Infinity":23,"s:45:6:45:Infinity":24,"s:46:6:46:Infinity":25,"s:47:6:47:Infinity":26,"s:48:6:48:Infinity":27,"s:51:6:51:Infinity":28,"s:53:6:53:Infinity":29,"s:57:2:136:Infinity":30,"f:59:6:59:17":3,"s:60:8:60:Infinity":31,"s:61:8:61:Infinity":32,"b:69:25:69:44:69:44:69:Infinity":4,"f:73:8:73:19":4,"s:73:25:73:Infinity":33,"b:76:7:76:Infinity:77:8:77:Infinity":5,"b:83:31:83:50:83:50:83:Infinity":6,"f:87:8:87:19":5,"s:87:25:87:Infinity":34,"b:90:7:90:Infinity:91:8:91:Infinity":7,"f:99:8:99:19":6,"s:99:25:99:Infinity":35,"f:106:8:106:19":7,"s:106:25:106:52":36,"b:122:16:122:Infinity:123:16:123:Infinity":8,"b:126:21:126:37:126:37:126:Infinity":9,"f:132:10:132:25":8,"s:132:25:132:37":37}}}
,"C:\\Users\\safaa\\task-management-system\\task-frontend\\src\\components\\TaskList.tsx": {"path":"C:\\Users\\safaa\\task-management-system\\task-frontend\\src\\components\\TaskList.tsx","statementMap":{"0":{"start":{"line":10,"column":13},"end":{"line":127,"column":null}},"1":{"start":{"line":11,"column":22},"end":{"line":15,"column":null}},"2":{"start":{"line":16,"column":8},"end":{"line":16,"column":32}},"3":{"start":{"line":17,"column":0},"end":{"line":25,"column":null}},"4":{"start":{"line":18,"column":2},"end":{"line":25,"column":null}},"5":{"start":{"line":30,"column":2},"end":{"line":127,"column":null}},"6":{"start":{"line":33,"column":8},"end":{"line":125,"column":null}},"7":{"start":{"line":35,"column":26},"end":{"line":35,"column":55}},"8":{"start":{"line":98,"column":31},"end":{"line":98,"column":51}},"9":{"start":{"line":98,"column":51},"end":{"line":98,"column":null}},"10":{"start":{"line":105,"column":31},"end":{"line":105,"column":51}},"11":{"start":{"line":105,"column":51},"end":{"line":105,"column":null}},"12":{"start":{"line":112,"column":31},"end":{"line":112,"column":51}},"13":{"start":{"line":112,"column":51},"end":{"line":112,"column":null}},"14":{"start":{"line":119,"column":29},"end":{"line":119,"column":49}},"15":{"start":{"line":119,"column":49},"end":{"line":119,"column":null}}},"fnMap":{"0":{"name":"(anonymous_0)","decl":{"start":{"line":10,"column":13},"end":{"line":10,"column":25}},"loc":{"start":{"line":10,"column":72},"end":{"line":127,"column":null}},"line":10},"1":{"name":"(anonymous_1)","decl":{"start":{"line":32,"column":13},"end":{"line":32,"column":18}},"loc":{"start":{"line":33,"column":8},"end":{"line":125,"column":null}},"line":33},"2":{"name":"(anonymous_2)","decl":{"start":{"line":35,"column":11},"end":{"line":35,"column":26}},"loc":{"start":{"line":35,"column":26},"end":{"line":35,"column":55}},"line":35},"3":{"name":"(anonymous_3)","decl":{"start":{"line":98,"column":14},"end":{"line":98,"column":24}},"loc":{"start":{"line":98,"column":30},"end":{"line":98,"column":null}},"line":98},"4":{"name":"(anonymous_4)","decl":{"start":{"line":105,"column":14},"end":{"line":105,"column":24}},"loc":{"start":{"line":105,"column":30},"end":{"line":105,"column":null}},"line":105},"5":{"name":"(anonymous_5)","decl":{"start":{"line":112,"column":14},"end":{"line":112,"column":24}},"loc":{"start":{"line":112,"column":30},"end":{"line":112,"column":null}},"line":112},"6":{"name":"(anonymous_6)","decl":{"start":{"line":119,"column":12},"end":{"line":119,"column":22}},"loc":{"start":{"line":119,"column":28},"end":{"line":119,"column":null}},"line":119}},"branchMap":{"0":{"loc":{"start":{"line":17,"column":0},"end":{"line":25,"column":null}},"type":"if","locations":[{"start":{"line":17,"column":0},"end":{"line":25,"column":null}},{"start":{},"end":{}}],"line":17},"1":{"loc":{"start":{"line":38,"column":12},"end":{"line":42,"column":null}},"type":"cond-expr","locations":[{"start":{"line":39,"column":16},"end":{"line":39,"column":null}},{"start":{"line":40,"column":16},"end":{"line":42,"column":null}}],"line":38},"2":{"loc":{"start":{"line":40,"column":16},"end":{"line":42,"column":null}},"type":"cond-expr","locations":[{"start":{"line":41,"column":16},"end":{"line":41,"column":null}},{"start":{"line":42,"column":16},"end":{"line":42,"column":null}}],"line":40},"3":{"loc":{"start":{"line":49,"column":16},"end":{"line":49,"column":null}},"type":"cond-expr","locations":[{"start":{"line":49,"column":41},"end":{"line":49,"column":72}},{"start":{"line":49,"column":72},"end":{"line":49,"column":null}}],"line":49},"4":{"loc":{"start":{"line":63,"column":11},"end":{"line":66,"column":null}},"type":"binary-expr","locations":[{"start":{"line":63,"column":11},"end":{"line":63,"column":null}},{"start":{"line":64,"column":12},"end":{"line":66,"column":null}}],"line":63},"5":{"loc":{"start":{"line":71,"column":15},"end":{"line":74,"column":null}},"type":"binary-expr","locations":[{"start":{"line":71,"column":15},"end":{"line":71,"column":null}},{"start":{"line":72,"column":16},"end":{"line":74,"column":null}}],"line":71},"6":{"loc":{"start":{"line":77,"column":15},"end":{"line":80,"column":null}},"type":"binary-expr","locations":[{"start":{"line":77,"column":15},"end":{"line":77,"column":null}},{"start":{"line":78,"column":16},"end":{"line":80,"column":null}}],"line":77},"7":{"loc":{"start":{"line":82,"column":1},"end":{"line":85,"column":null}},"type":"binary-expr","locations":[{"start":{"line":82,"column":1},"end":{"line":82,"column":null}},{"start":{"line":83,"column":2},"end":{"line":85,"column":null}}],"line":82},"8":{"loc":{"start":{"line":89,"column":13},"end":{"line":92,"column":null}},"type":"binary-expr","locations":[{"start":{"line":89,"column":13},"end":{"line":89,"column":null}},{"start":{"line":90,"column":14},"end":{"line":92,"column":null}}],"line":89}},"s":{"0":1,"1":5,"2":5,"3":5,"4":1,"5":4,"6":5,"7":1,"8":0,"9":0,"10":1,"11":1,"12":1,"13":1,"14":0,"15":0},"f":{"0":5,"1":5,"2":1,"3":0,"4":1,"5":1,"6":0},"b":{"0":[1,4],"1":[0,5],"2":[1,4],"3":[1,4],"4":[5,0],"5":[5,0],"6":[5,0],"7":[5,0],"8":[5,0]},"meta":{"lastBranch":9,"lastFunction":7,"lastStatement":16,"seen":{"s:10:13:127:Infinity":0,"f:10:13:10:25":0,"s:11:22:15:Infinity":1,"s:16:8:16:32":2,"b:17:0:25:Infinity:undefined:undefined:undefined:undefined":0,"s:17:0:25:Infinity":3,"s:18:2:25:Infinity":4,"s:30:2:127:Infinity":5,"f:32:13:32:18":1,"s:33:8:125:Infinity":6,"f:35:11:35:26":2,"s:35:26:35:55":7,"b:39:16:39:Infinity:40:16:42:Infinity":1,"b:41:16:41:Infinity:42:16:42:Infinity":2,"b:49:41:49:72:49:72:49:Infinity":3,"b:63:11:63:Infinity:64:12:66:Infinity":4,"b:71:15:71:Infinity:72:16:74:Infinity":5,"b:77:15:77:Infinity:78:16:80:Infinity":6,"b:82:1:82:Infinity:83:2:85:Infinity":7,"b:89:13:89:Infinity:90:14:92:Infinity":8,"f:98:14:98:24":3,"s:98:31:98:51":8,"s:98:51:98:Infinity":9,"f:105:14:105:24":4,"s:105:31:105:51":10,"s:105:51:105:Infinity":11,"f:112:14:112:24":5,"s:112:31:112:51":12,"s:112:51:112:Infinity":13,"f:119:12:119:22":6,"s:119:29:119:49":14,"s:119:49:119:Infinity":15}}}
,"C:\\Users\\safaa\\task-management-system\\task-frontend\\src\\hooks\\useTask.ts": {"path":"C:\\Users\\safaa\\task-management-system\\task-frontend\\src\\hooks\\useTask.ts","statementMap":{"0":{"start":{"line":4,"column":13},"end":{"line":28,"column":null}},"1":{"start":{"line":5,"column":15},"end":{"line":5,"column":53}},"2":{"start":{"line":6,"column":18},"end":{"line":6,"column":46}},"3":{"start":{"line":7,"column":16},"end":{"line":7,"column":40}},"4":{"start":{"line":9,"column":2},"end":{"line":26,"column":null}},"5":{"start":{"line":10,"column":21},"end":{"line":19,"column":null}},"6":{"start":{"line":11,"column":6},"end":{"line":19,"column":null}},"7":{"start":{"line":12,"column":8},"end":{"line":12,"column":null}},"8":{"start":{"line":14,"column":21},"end":{"line":14,"column":42}},"9":{"start":{"line":15,"column":8},"end":{"line":15,"column":null}},"10":{"start":{"line":17,"column":8},"end":{"line":17,"column":null}},"11":{"start":{"line":19,"column":8},"end":{"line":19,"column":null}},"12":{"start":{"line":23,"column":4},"end":{"line":24,"column":null}},"13":{"start":{"line":24,"column":6},"end":{"line":24,"column":null}},"14":{"start":{"line":28,"column":2},"end":{"line":28,"column":null}}},"fnMap":{"0":{"name":"(anonymous_0)","decl":{"start":{"line":4,"column":13},"end":{"line":4,"column":24}},"loc":{"start":{"line":4,"column":39},"end":{"line":28,"column":null}},"line":4},"1":{"name":"(anonymous_1)","decl":{"start":{"line":9,"column":2},"end":{"line":9,"column":18}},"loc":{"start":{"line":9,"column":18},"end":{"line":26,"column":6}},"line":9},"2":{"name":"(anonymous_2)","decl":{"start":{"line":10,"column":21},"end":{"line":10,"column":33}},"loc":{"start":{"line":10,"column":33},"end":{"line":19,"column":null}},"line":10}},"branchMap":{"0":{"loc":{"start":{"line":23,"column":4},"end":{"line":24,"column":null}},"type":"if","locations":[{"start":{"line":23,"column":4},"end":{"line":24,"column":null}},{"start":{},"end":{}}],"line":23}},"s":{"0":1,"1":4,"2":4,"3":4,"4":4,"5":2,"6":2,"7":2,"8":2,"9":1,"10":1,"11":2,"12":2,"13":2,"14":4},"f":{"0":4,"1":2,"2":2},"b":{"0":[2,0]},"meta":{"lastBranch":1,"lastFunction":3,"lastStatement":15,"seen":{"s:4:13:28:Infinity":0,"f:4:13:4:24":0,"s:5:15:5:53":1,"s:6:18:6:46":2,"s:7:16:7:40":3,"s:9:2:26:Infinity":4,"f:9:2:9:18":1,"s:10:21:19:Infinity":5,"f:10:21:10:33":2,"s:11:6:19:Infinity":6,"s:12:8:12:Infinity":7,"s:14:21:14:42":8,"s:15:8:15:Infinity":9,"s:17:8:17:Infinity":10,"s:19:8:19:Infinity":11,"b:23:4:24:Infinity:undefined:undefined:undefined:undefined":0,"s:23:4:24:Infinity":12,"s:24:6:24:Infinity":13,"s:28:2:28:Infinity":14}}}
,"C:\\Users\\safaa\\task-management-system\\task-frontend\\src\\hooks\\useTasks.ts": {"path":"C:\\Users\\safaa\\task-management-system\\task-frontend\\src\\hooks\\useTasks.ts","statementMap":{"0":{"start":{"line":5,"column":13},"end":{"line":82,"column":null}},"1":{"start":{"line":9,"column":16},"end":{"line":9,"column":48}},"2":{"start":{"line":10,"column":18},"end":{"line":10,"column":46}},"3":{"start":{"line":11,"column":16},"end":{"line":11,"column":40}},"4":{"start":{"line":13,"column":2},"end":{"line":29,"column":null}},"5":{"start":{"line":14,"column":20},"end":{"line":24,"column":null}},"6":{"start":{"line":15,"column":4},"end":{"line":24,"column":null}},"7":{"start":{"line":16,"column":6},"end":{"line":16,"column":null}},"8":{"start":{"line":18,"column":19},"end":{"line":18,"column":67}},"9":{"start":{"line":20,"column":6},"end":{"line":20,"column":null}},"10":{"start":{"line":22,"column":6},"end":{"line":22,"column":null}},"11":{"start":{"line":24,"column":6},"end":{"line":24,"column":null}},"12":{"start":{"line":28,"column":2},"end":{"line":28,"column":null}},"13":{"start":{"line":32,"column":23},"end":{"line":37,"column":null}},"14":{"start":{"line":33,"column":2},"end":{"line":37,"column":null}},"15":{"start":{"line":34,"column":4},"end":{"line":34,"column":null}},"16":{"start":{"line":35,"column":4},"end":{"line":35,"column":null}},"17":{"start":{"line":35,"column":23},"end":{"line":35,"column":60}},"18":{"start":{"line":35,"column":45},"end":{"line":35,"column":60}},"19":{"start":{"line":37,"column":4},"end":{"line":37,"column":null}},"20":{"start":{"line":42,"column":21},"end":{"line":49,"column":null}},"21":{"start":{"line":43,"column":2},"end":{"line":49,"column":null}},"22":{"start":{"line":44,"column":20},"end":{"line":44,"column":42}},"23":{"start":{"line":46,"column":4},"end":{"line":46,"column":null}},"24":{"start":{"line":46,"column":23},"end":{"line":46,"column":41}},"25":{"start":{"line":47,"column":4},"end":{"line":47,"column":null}},"26":{"start":{"line":49,"column":4},"end":{"line":49,"column":null}},"27":{"start":{"line":53,"column":27},"end":{"line":62,"column":null}},"28":{"start":{"line":54,"column":2},"end":{"line":62,"column":null}},"29":{"start":{"line":55,"column":24},"end":{"line":55,"column":58}},"30":{"start":{"line":56,"column":4},"end":{"line":60,"column":null}},"31":{"start":{"line":57,"column":6},"end":{"line":58,"column":null}},"32":{"start":{"line":58,"column":8},"end":{"line":58,"column":null}},"33":{"start":{"line":62,"column":4},"end":{"line":62,"column":null}},"34":{"start":{"line":66,"column":25},"end":{"line":78,"column":null}},"35":{"start":{"line":67,"column":2},"end":{"line":78,"column":null}},"36":{"start":{"line":68,"column":20},"end":{"line":68,"column":46}},"37":{"start":{"line":70,"column":4},"end":{"line":74,"column":null}},"38":{"start":{"line":71,"column":6},"end":{"line":72,"column":null}},"39":{"start":{"line":72,"column":8},"end":{"line":72,"column":null}},"40":{"start":{"line":76,"column":4},"end":{"line":76,"column":null}},"41":{"start":{"line":78,"column":4},"end":{"line":78,"column":null}},"42":{"start":{"line":82,"column":2},"end":{"line":82,"column":null}}},"fnMap":{"0":{"name":"(anonymous_0)","decl":{"start":{"line":5,"column":13},"end":{"line":5,"column":25}},"loc":{"start":{"line":8,"column":6},"end":{"line":82,"column":null}},"line":8},"1":{"name":"(anonymous_1)","decl":{"start":{"line":13,"column":2},"end":{"line":13,"column":18}},"loc":{"start":{"line":13,"column":18},"end":{"line":29,"column":4}},"line":13},"2":{"name":"(anonymous_2)","decl":{"start":{"line":14,"column":20},"end":{"line":14,"column":32}},"loc":{"start":{"line":14,"column":32},"end":{"line":24,"column":null}},"line":14},"3":{"name":"(anonymous_3)","decl":{"start":{"line":32,"column":23},"end":{"line":32,"column":30}},"loc":{"start":{"line":32,"column":45},"end":{"line":37,"column":null}},"line":32},"4":{"name":"(anonymous_4)","decl":{"start":{"line":35,"column":4},"end":{"line":35,"column":14}},"loc":{"start":{"line":35,"column":23},"end":{"line":35,"column":60}},"line":35},"5":{"name":"(anonymous_5)","decl":{"start":{"line":35,"column":28},"end":{"line":35,"column":36}},"loc":{"start":{"line":35,"column":45},"end":{"line":35,"column":60}},"line":35},"6":{"name":"(anonymous_6)","decl":{"start":{"line":42,"column":21},"end":{"line":42,"column":28}},"loc":{"start":{"line":42,"column":57},"end":{"line":49,"column":null}},"line":42},"7":{"name":"(anonymous_7)","decl":{"start":{"line":46,"column":4},"end":{"line":46,"column":14}},"loc":{"start":{"line":46,"column":23},"end":{"line":46,"column":41}},"line":46},"8":{"name":"(anonymous_8)","decl":{"start":{"line":53,"column":27},"end":{"line":53,"column":34}},"loc":{"start":{"line":53,"column":65},"end":{"line":62,"column":null}},"line":53},"9":{"name":"(anonymous_9)","decl":{"start":{"line":56,"column":4},"end":{"line":56,"column":14}},"loc":{"start":{"line":57,"column":6},"end":{"line":58,"column":null}},"line":57},"10":{"name":"(anonymous_10)","decl":{"start":{"line":57,"column":11},"end":{"line":57,"column":16}},"loc":{"start":{"line":58,"column":8},"end":{"line":58,"column":null}},"line":58},"11":{"name":"(anonymous_11)","decl":{"start":{"line":66,"column":25},"end":{"line":66,"column":32}},"loc":{"start":{"line":66,"column":72},"end":{"line":78,"column":null}},"line":66},"12":{"name":"(anonymous_12)","decl":{"start":{"line":70,"column":4},"end":{"line":70,"column":14}},"loc":{"start":{"line":71,"column":6},"end":{"line":72,"column":null}},"line":71},"13":{"name":"(anonymous_13)","decl":{"start":{"line":71,"column":11},"end":{"line":71,"column":16}},"loc":{"start":{"line":72,"column":8},"end":{"line":72,"column":null}},"line":72}},"branchMap":{"0":{"loc":{"start":{"line":58,"column":8},"end":{"line":58,"column":null}},"type":"cond-expr","locations":[{"start":{"line":58,"column":25},"end":{"line":58,"column":39}},{"start":{"line":58,"column":39},"end":{"line":58,"column":null}}],"line":58},"1":{"loc":{"start":{"line":72,"column":8},"end":{"line":72,"column":null}},"type":"cond-expr","locations":[{"start":{"line":72,"column":25},"end":{"line":72,"column":35}},{"start":{"line":72,"column":35},"end":{"line":72,"column":null}}],"line":72}},"s":{"0":1,"1":9,"2":9,"3":9,"4":9,"5":4,"6":4,"7":4,"8":4,"9":4,"10":0,"11":4,"12":4,"13":9,"14":1,"15":1,"16":1,"17":1,"18":1,"19":0,"20":9,"21":1,"22":1,"23":1,"24":1,"25":1,"26":0,"27":9,"28":1,"29":1,"30":1,"31":1,"32":1,"33":0,"34":9,"35":0,"36":0,"37":0,"38":0,"39":0,"40":0,"41":0,"42":9},"f":{"0":9,"1":4,"2":4,"3":1,"4":1,"5":1,"6":1,"7":1,"8":1,"9":1,"10":1,"11":0,"12":0,"13":0},"b":{"0":[1,0],"1":[0,0]},"meta":{"lastBranch":2,"lastFunction":14,"lastStatement":43,"seen":{"s:5:13:82:Infinity":0,"f:5:13:5:25":0,"s:9:16:9:48":1,"s:10:18:10:46":2,"s:11:16:11:40":3,"s:13:2:29:Infinity":4,"f:13:2:13:18":1,"s:14:20:24:Infinity":5,"f:14:20:14:32":2,"s:15:4:24:Infinity":6,"s:16:6:16:Infinity":7,"s:18:19:18:67":8,"s:20:6:20:Infinity":9,"s:22:6:22:Infinity":10,"s:24:6:24:Infinity":11,"s:28:2:28:Infinity":12,"s:32:23:37:Infinity":13,"f:32:23:32:30":3,"s:33:2:37:Infinity":14,"s:34:4:34:Infinity":15,"s:35:4:35:Infinity":16,"f:35:4:35:14":4,"s:35:23:35:60":17,"f:35:28:35:36":5,"s:35:45:35:60":18,"s:37:4:37:Infinity":19,"s:42:21:49:Infinity":20,"f:42:21:42:28":6,"s:43:2:49:Infinity":21,"s:44:20:44:42":22,"s:46:4:46:Infinity":23,"f:46:4:46:14":7,"s:46:23:46:41":24,"s:47:4:47:Infinity":25,"s:49:4:49:Infinity":26,"s:53:27:62:Infinity":27,"f:53:27:53:34":8,"s:54:2:62:Infinity":28,"s:55:24:55:58":29,"s:56:4:60:Infinity":30,"f:56:4:56:14":9,"s:57:6:58:Infinity":31,"f:57:11:57:16":10,"s:58:8:58:Infinity":32,"b:58:25:58:39:58:39:58:Infinity":0,"s:62:4:62:Infinity":33,"s:66:25:78:Infinity":34,"f:66:25:66:32":11,"s:67:2:78:Infinity":35,"s:68:20:68:46":36,"s:70:4:74:Infinity":37,"f:70:4:70:14":12,"s:71:6:72:Infinity":38,"f:71:11:71:16":13,"s:72:8:72:Infinity":39,"b:72:25:72:35:72:35:72:Infinity":1,"s:76:4:76:Infinity":40,"s:78:4:78:Infinity":41,"s:82:2:82:Infinity":42}}}
,"C:\\Users\\safaa\\task-management-system\\task-frontend\\src\\validation\\task.schema.ts": {"path":"C:\\Users\\safaa\\task-management-system\\task-frontend\\src\\validation\\task.schema.ts","statementMap":{"0":{"start":{"line":3,"column":26},"end":{"line":10,"column":2}}},"fnMap":{},"branchMap":{},"s":{"0":1},"f":{},"b":{},"meta":{"lastBranch":0,"lastFunction":0,"lastStatement":1,"seen":{"s:3:26:10:2":0}}}
}
